0:0:0:0:0:0:0:1 [22/maio/2024 14:28:09.035] PostmanRuntime/7.39.0 "GET /mesas/ HTTP/1.1" 200 -1
0:0:0:0:0:0:0:1 [22/maio/2024 14:28:19.658] PostmanRuntime/7.39.0 "GET /mesas/3 HTTP/1.1" 200 -1
0:0:0:0:0:0:0:1 [22/maio/2024 14:28:34.534] PostmanRuntime/7.39.0 "GET /mesas/1 HTTP/1.1" 200 -1
0:0:0:0:0:0:0:1 [22/maio/2024 14:29:00.692] PostmanRuntime/7.39.0 "PUT /mesas/1 HTTP/1.1" 404 -1
0:0:0:0:0:0:0:1 [22/maio/2024 14:30:07.777] PostmanRuntime/7.39.0 "PUT /mesas/1 HTTP/1.1" 404 -1
0:0:0:0:0:0:0:1 [22/maio/2024 14:38:42.682] PostmanRuntime/7.39.0 "PUT /mesas/1 HTTP/1.1" 404 -1
0:0:0:0:0:0:0:1 [22/maio/2024 14:39:52.625] PostmanRuntime/7.39.0 "PUT /mesas/1 HTTP/1.1" 404 -1
0:0:0:0:0:0:0:1 [22/maio/2024 14:41:49.408] PostmanRuntime/7.39.0 "PUT /mesas/1 HTTP/1.1" 500 26
0:0:0:0:0:0:0:1 [22/maio/2024 14:47:48.546] PostmanRuntime/7.39.0 "GET /comandas/1 HTTP/1.1" 200 -1
0:0:0:0:0:0:0:1 [22/maio/2024 14:48:05.680] PostmanRuntime/7.39.0 "PUT /comandas/9 HTTP/1.1" 200 -1
0:0:0:0:0:0:0:1 [22/maio/2024 14:48:19.227] PostmanRuntime/7.39.0 "PUT /comandas/9 HTTP/1.1" 200 -1
0:0:0:0:0:0:0:1 [22/maio/2024 16:48:11.205] PostmanRuntime/7.39.0 "GET /usuarios HTTP/1.1" 200 -1
0:0:0:0:0:0:0:1 [22/maio/2024 16:49:00.223] PostmanRuntime/7.39.0 "GET /usuarios/1 HTTP/1.1" 500 26
0:0:0:0:0:0:0:1 [22/maio/2024 16:49:54.969] PostmanRuntime/7.39.0 "GET /usuarios/1 HTTP/1.1" 500 26
0:0:0:0:0:0:0:1 [22/maio/2024 16:51:52.518] PostmanRuntime/7.39.0 "GET /usuarios/1 HTTP/1.1" 500 26
0:0:0:0:0:0:0:1 [22/maio/2024 16:52:08.126] PostmanRuntime/7.39.0 "GET /usuarios/1 HTTP/1.1" 200 -1
0:0:0:0:0:0:0:1 [22/maio/2024 16:53:12.088] PostmanRuntime/7.39.0 "GET /usuarios/login HTTP/1.1" 404 -1
0:0:0:0:0:0:0:1 [22/maio/2024 17:08:34.958] PostmanRuntime/7.39.0 "GET /usuarios/login HTTP/1.1" 200 -1
0:0:0:0:0:0:0:1 [22/maio/2024 17:10:53.075] PostmanRuntime/7.39.0 "GET /usuarios/1 HTTP/1.1" 200 -1
0:0:0:0:0:0:0:1 [22/maio/2024 17:11:32.482] PostmanRuntime/7.39.0 "PUT /usuarios/1 HTTP/1.1" 404 -1
0:0:0:0:0:0:0:1 [22/maio/2024 17:12:14.331] PostmanRuntime/7.39.0 "PUT /usuarios/1 HTTP/1.1" 404 -1
0:0:0:0:0:0:0:1 [22/maio/2024 17:13:56.521] PostmanRuntime/7.39.0 "PUT /usuarios/1 HTTP/1.1" 200 -1
0:0:0:0:0:0:0:1 [22/maio/2024 17:14:31.159] PostmanRuntime/7.39.0 "PUT /usuarios/1 HTTP/1.1" 200 -1
0:0:0:0:0:0:0:1 [22/maio/2024 17:16:44.383] PostmanRuntime/7.39.0 "GET /mesas/1 HTTP/1.1" 200 -1
0:0:0:0:0:0:0:1 [22/maio/2024 17:17:07.969] PostmanRuntime/7.39.0 "PUT /mesas/1 HTTP/1.1" 200 -1
0:0:0:0:0:0:0:1 [22/maio/2024 17:17:47.659] PostmanRuntime/7.39.0 "PUT /mesas/1 HTTP/1.1" 200 -1
0:0:0:0:0:0:0:1 [22/maio/2024 17:35:55.784] PostmanRuntime/7.39.0 "GET /produtos/codbarras/789300030213 HTTP/1.1" 404 9
0:0:0:0:0:0:0:1 [22/maio/2024 17:36:57.592] PostmanRuntime/7.39.0 "GET /produtos/codbarras/7893000090019 HTTP/1.1" 404 9
0:0:0:0:0:0:0:1 [22/maio/2024 17:37:44.896] PostmanRuntime/7.39.0 "GET /produtos/codbarras/7893000090019 HTTP/1.1" 404 9
0:0:0:0:0:0:0:1 [22/maio/2024 17:38:15.646] PostmanRuntime/7.39.0 "GET /produtos/codbarras/7893000090019 HTTP/1.1" 404 9
0:0:0:0:0:0:0:1 [22/maio/2024 17:38:47.738] PostmanRuntime/7.39.0 "GET /produtos/1 HTTP/1.1" 404 9
0:0:0:0:0:0:0:1 [22/maio/2024 17:38:47.738] PostmanRuntime/7.39.0 "GET /produtos/1 HTTP/1.1" 404 9
0:0:0:0:0:0:0:1 [22/maio/2024 17:39:35.081] PostmanRuntime/7.39.0 "GET /produtos/codbarras/7893000090019 HTTP/1.1" 200 -1
