0:0:0:0:0:0:0:1 [17/maio/2024 14:58:52.728] PostmanRuntime/7.39.0 "GET /mesas/ HTTP/1.1" 200 -1
0:0:0:0:0:0:0:1 [17/maio/2024 14:59:22.025] PostmanRuntime/7.39.0 "GET /mesas/18 HTTP/1.1" 200 -1
0:0:0:0:0:0:0:1 [17/maio/2024 14:59:28.571] PostmanRuntime/7.39.0 "GET /mesas/1 HTTP/1.1" 200 -1
0:0:0:0:0:0:0:1 [17/maio/2024 14:59:44.517] PostmanRuntime/7.39.0 "GET /mesas/ HTTP/1.1" 200 -1
0:0:0:0:0:0:0:1 [17/maio/2024 15:15:39.791] PostmanRuntime/7.39.0 "GET /mesas/ HTTP/1.1" 200 -1
0:0:0:0:0:0:0:1 [17/maio/2024 15:20:09.756] PostmanRuntime/7.39.0 "DELETE /mesas/2 HTTP/1.1" 200 -1
0:0:0:0:0:0:0:1 [17/maio/2024 15:26:56.440] PostmanRuntime/7.39.0 "GET /mesas/ HTTP/1.1" 200 -1
0:0:0:0:0:0:0:1 [17/maio/2024 15:28:21.319] PostmanRuntime/7.39.0 "PUT /mesas/3 HTTP/1.1" 500 26
0:0:0:0:0:0:0:1 [17/maio/2024 15:32:51.517] PostmanRuntime/7.39.0 "PUT /mesas/3 HTTP/1.1" 200 -1
0:0:0:0:0:0:0:1 [17/maio/2024 15:34:37.868] PostmanRuntime/7.39.0 "DELETE /mesas/3 HTTP/1.1" 200 -1
0:0:0:0:0:0:0:1 [17/maio/2024 15:36:44.950] PostmanRuntime/7.39.0 "PUT /mesas/3 HTTP/1.1" 200 -1
0:0:0:0:0:0:0:1 [17/maio/2024 15:46:54.439] PostmanRuntime/7.39.0 "PUT /mesas/3 HTTP/1.1" 500 26
0:0:0:0:0:0:0:1 [17/maio/2024 15:47:26.820] PostmanRuntime/7.39.0 "DELETE /mesas/2 HTTP/1.1" 200 -1
0:0:0:0:0:0:0:1 [17/maio/2024 15:51:50.634] PostmanRuntime/7.39.0 "DELETE /mesas/2 HTTP/1.1" 200 -1
0:0:0:0:0:0:0:1 [17/maio/2024 16:02:19.451] PostmanRuntime/7.39.0 "DELETE /mesas/2 HTTP/1.1" 500 26
0:0:0:0:0:0:0:1 [17/maio/2024 16:05:30.197] PostmanRuntime/7.39.0 "DELETE /mesas/2 HTTP/1.1" 500 26
0:0:0:0:0:0:0:1 [17/maio/2024 16:07:33.413] PostmanRuntime/7.39.0 "DELETE /mesas/2 HTTP/1.1" 500 26
0:0:0:0:0:0:0:1 [17/maio/2024 17:37:41.451] PostmanRuntime/7.39.0 "GET /cores HTTP/1.1" 404 9
0:0:0:0:0:0:0:1 [17/maio/2024 17:43:17.238] PostmanRuntime/7.39.0 "GET /cores/1 HTTP/1.1" 404 9
0:0:0:0:0:0:0:1 [17/maio/2024 17:48:17.936] PostmanRuntime/7.39.0 "GET /cores HTTP/1.1" 404 9
