0:0:0:0:0:0:0:1 [16/maio/2024 14:09:00.537] PostmanRuntime/7.39.0 "POST /mesas HTTP/1.1" 500 26
0:0:0:0:0:0:0:1 [16/maio/2024 14:09:16.968] PostmanRuntime/7.39.0 "GET /mesas/ HTTP/1.1" 200 -1
0:0:0:0:0:0:0:1 [16/maio/2024 14:09:41.465] PostmanRuntime/7.39.0 "PUT /mesas/1 HTTP/1.1" 200 8
0:0:0:0:0:0:0:1 [16/maio/2024 14:09:55.515] PostmanRuntime/7.39.0 "PUT /mesas/1 HTTP/1.1" 200 8
0:0:0:0:0:0:0:1 [16/maio/2024 14:10:15.002] PostmanRuntime/7.39.0 "POST /mesas HTTP/1.1" 200 -1
0:0:0:0:0:0:0:1 [16/maio/2024 14:54:06.332] PostmanRuntime/7.39.0 "GET /healthcheck HTTP/1.1" 200 14
0:0:0:0:0:0:0:1 [16/maio/2024 14:54:14.587] PostmanRuntime/7.39.0 "GET /mesas/ HTTP/1.1" 500 26
0:0:0:0:0:0:0:1 [16/maio/2024 14:57:35.519] PostmanRuntime/7.39.0 "GET /mesas/ HTTP/1.1" 500 26
0:0:0:0:0:0:0:1 [16/maio/2024 14:58:19.116] PostmanRuntime/7.39.0 "GET /mesas/ HTTP/1.1" 500 26
0:0:0:0:0:0:0:1 [16/maio/2024 14:58:34.996] PostmanRuntime/7.39.0 "GET /mesas/ HTTP/1.1" 500 26
0:0:0:0:0:0:0:1 [16/maio/2024 15:01:04.915] PostmanRuntime/7.39.0 "GET /mesas/ HTTP/1.1" 500 26
0:0:0:0:0:0:0:1 [16/maio/2024 15:17:04.030] PostmanRuntime/7.39.0 "GET /mesas/ HTTP/1.1" 500 26
0:0:0:0:0:0:0:1 [16/maio/2024 15:20:04.227] PostmanRuntime/7.39.0 "GET /mesas/ HTTP/1.1" 200 -1
0:0:0:0:0:0:0:1 [16/maio/2024 15:21:12.352] PostmanRuntime/7.39.0 "PUT /mesas/16 HTTP/1.1" 500 26
0:0:0:0:0:0:0:1 [16/maio/2024 15:21:46.411] PostmanRuntime/7.39.0 "PUT /mesas/16 HTTP/1.1" 500 26
0:0:0:0:0:0:0:1 [16/maio/2024 15:22:20.652] PostmanRuntime/7.39.0 "PUT /mesas/16 HTTP/1.1" 500 26
0:0:0:0:0:0:0:1 [16/maio/2024 15:24:54.132] PostmanRuntime/7.39.0 "PUT /mesas/16 HTTP/1.1" 500 26
0:0:0:0:0:0:0:1 [16/maio/2024 15:25:55.727] PostmanRuntime/7.39.0 "PUT /mesas/1 HTTP/1.1" 500 26
0:0:0:0:0:0:0:1 [16/maio/2024 15:32:56.355] PostmanRuntime/7.39.0 "PUT /mesas/1 HTTP/1.1" 500 26
0:0:0:0:0:0:0:1 [16/maio/2024 15:39:14.200] PostmanRuntime/7.39.0 "PUT /mesas/1 HTTP/1.1" 500 26
0:0:0:0:0:0:0:1 [16/maio/2024 15:41:37.546] PostmanRuntime/7.39.0 "GET /mesas/1 HTTP/1.1" 200 -1
0:0:0:0:0:0:0:1 [16/maio/2024 15:42:19.323] PostmanRuntime/7.39.0 "PUT /mesas/1 HTTP/1.1" 500 26
0:0:0:0:0:0:0:1 [16/maio/2024 15:42:37.785] PostmanRuntime/7.39.0 "GET /mesas/1 HTTP/1.1" 200 -1
0:0:0:0:0:0:0:1 [16/maio/2024 15:51:48.002] PostmanRuntime/7.39.0 "GET /mesas/1 HTTP/1.1" 200 -1
0:0:0:0:0:0:0:1 [16/maio/2024 15:51:57.872] PostmanRuntime/7.39.0 "PUT /mesas/1 HTTP/1.1" 500 26
0:0:0:0:0:0:0:1 [16/maio/2024 15:56:56.713] PostmanRuntime/7.39.0 "GET /mesas/1 HTTP/1.1" 200 -1
0:0:0:0:0:0:0:1 [16/maio/2024 15:57:25.014] PostmanRuntime/7.39.0 "PUT /mesas/1 HTTP/1.1" 500 26
0:0:0:0:0:0:0:1 [16/maio/2024 15:59:18.645] PostmanRuntime/7.39.0 "PUT /mesas/1 HTTP/1.1" 500 26
0:0:0:0:0:0:0:1 [16/maio/2024 15:59:33.461] PostmanRuntime/7.39.0 "PUT /mesas/10 HTTP/1.1" 500 26
0:0:0:0:0:0:0:1 [16/maio/2024 15:59:49.176] PostmanRuntime/7.39.0 "PUT /mesas/10 HTTP/1.1" 500 26
0:0:0:0:0:0:0:1 [16/maio/2024 16:00:05.960] PostmanRuntime/7.39.0 "PUT /mesas/1 HTTP/1.1" 500 26
0:0:0:0:0:0:0:1 [16/maio/2024 16:00:35.159] PostmanRuntime/7.39.0 "GET /mesas/18 HTTP/1.1" 200 -1
0:0:0:0:0:0:0:1 [16/maio/2024 16:00:50.011] PostmanRuntime/7.39.0 "PUT /mesas/1 HTTP/1.1" 500 26
0:0:0:0:0:0:0:1 [16/maio/2024 16:01:03.119] PostmanRuntime/7.39.0 "PUT /mesas/18 HTTP/1.1" 500 26
0:0:0:0:0:0:0:1 [16/maio/2024 16:01:48.871] PostmanRuntime/7.39.0 "PUT /mesas/ID:18 HTTP/1.1" 500 26
0:0:0:0:0:0:0:1 [16/maio/2024 16:02:17.519] PostmanRuntime/7.39.0 "GET /mesas/18 HTTP/1.1" 200 -1
0:0:0:0:0:0:0:1 [16/maio/2024 16:02:33.941] PostmanRuntime/7.39.0 "PUT /mesas/18 HTTP/1.1" 500 26
0:0:0:0:0:0:0:1 [16/maio/2024 16:02:48.321] PostmanRuntime/7.39.0 "GET /mesas/18 HTTP/1.1" 200 -1
0:0:0:0:0:0:0:1 [16/maio/2024 16:03:21.584] PostmanRuntime/7.39.0 "PUT /mesas/18 HTTP/1.1" 500 26
0:0:0:0:0:0:0:1 [16/maio/2024 16:07:01.863] PostmanRuntime/7.39.0 "PUT /mesas/18 HTTP/1.1" 500 26
0:0:0:0:0:0:0:1 [16/maio/2024 16:09:05.433] PostmanRuntime/7.39.0 "PUT /mesas/18 HTTP/1.1" 500 26
0:0:0:0:0:0:0:1 [16/maio/2024 16:09:36.369] PostmanRuntime/7.39.0 "GET /mesas/18 HTTP/1.1" 200 -1
0:0:0:0:0:0:0:1 [16/maio/2024 16:09:58.089] PostmanRuntime/7.39.0 "PUT /mesas/18 HTTP/1.1" 500 26
0:0:0:0:0:0:0:1 [16/maio/2024 16:10:07.368] PostmanRuntime/7.39.0 "GET /mesas/18 HTTP/1.1" 200 -1
0:0:0:0:0:0:0:1 [16/maio/2024 16:11:35.200] PostmanRuntime/7.39.0 "PUT /mesas/18 HTTP/1.1" 500 26
0:0:0:0:0:0:0:1 [16/maio/2024 16:15:52.839] PostmanRuntime/7.39.0 "PUT /mesas/18 HTTP/1.1" 500 26
0:0:0:0:0:0:0:1 [16/maio/2024 16:18:41.431] PostmanRuntime/7.39.0 "PUT /mesas/18 HTTP/1.1" 500 26
0:0:0:0:0:0:0:1 [16/maio/2024 16:19:30.393] PostmanRuntime/7.39.0 "PUT /mesas/18 HTTP/1.1" 500 26
0:0:0:0:0:0:0:1 [16/maio/2024 16:27:14.316] PostmanRuntime/7.39.0 "PUT /mesas/18 HTTP/1.1" 500 26
0:0:0:0:0:0:0:1 [16/maio/2024 16:27:42.609] PostmanRuntime/7.39.0 "PUT /mesas/18 HTTP/1.1" 500 26
0:0:0:0:0:0:0:1 [16/maio/2024 16:34:38.940] PostmanRuntime/7.39.0 "GET /mesas/18 HTTP/1.1" 200 -1
0:0:0:0:0:0:0:1 [16/maio/2024 16:34:58.103] PostmanRuntime/7.39.0 "PUT /mesas/18 HTTP/1.1" 500 26
0:0:0:0:0:0:0:1 [16/maio/2024 16:35:42.318] PostmanRuntime/7.39.0 "PUT /mesas/18 HTTP/1.1" 200 -1
0:0:0:0:0:0:0:1 [16/maio/2024 16:36:07.173] PostmanRuntime/7.39.0 "PUT /mesas/18 HTTP/1.1" 500 26
0:0:0:0:0:0:0:1 [16/maio/2024 16:36:59.142] PostmanRuntime/7.39.0 "PUT /mesas/18 HTTP/1.1" 500 26
0:0:0:0:0:0:0:1 [16/maio/2024 17:19:52.291] PostmanRuntime/7.39.0 "DELETE /mesas/20 HTTP/1.1" 200 -1
0:0:0:0:0:0:0:1 [16/maio/2024 17:20:09.080] PostmanRuntime/7.39.0 "DELETE /mesas/18 HTTP/1.1" 200 -1
0:0:0:0:0:0:0:1 [16/maio/2024 17:22:40.373] PostmanRuntime/7.39.0 "DELETE /mesas/17 HTTP/1.1" 200 -1
0:0:0:0:0:0:0:1 [16/maio/2024 17:22:46.784] PostmanRuntime/7.39.0 "DELETE /mesas/16 HTTP/1.1" 200 -1
